<?xml version="1.0" encoding="UTF-8"?>
<!-- Generated by org.testng.reporters.JUnitXMLReporter -->
<testsuite ignored="21" hostname="IN-3LSM2J3" failures="2" tests="20" name="Test" time="205.752" errors="0" timestamp="2022-07-14T23:10:50 IST">
  <testcase classname="com.ExitTest.Tests.LoginTest" name="validLogin" time="0.215"/>
  <testcase classname="com.ExitTest.Tests.LoginTest" name="invalidEmail" time="0.211"/>
  <testcase classname="com.ExitTest.Tests.LoginTest" name="invalidPassword" time="0.196"/>
  <testcase classname="com.ExitTest.Tests.LoginTest" name="blankEmail" time="0.195"/>
  <testcase classname="com.ExitTest.Tests.LoginTest" name="blankPassword" time="0.184"/>
  <testcase classname="com.ExitTest.Tests.RemoveItemFromCartTest" name="RemoveToCart" time="2.61"/>
  <testcase classname="com.ExitTest.Tests.RemoveItemFromCartTest" name="ItemNotExist" time="15.318">
    <failure type="org.openqa.selenium.NoSuchElementException" message="no such element: Unable to locate element: {&amp;quot;method&amp;quot;:&amp;quot;xpath&amp;quot;,&amp;quot;selector&amp;quot;:&amp;quot;//*[@id=&amp;quot;container&amp;quot;]/div/div[2]/div/div/div[1]/div[1]/div[6]/div/div[2]/div[2]/div[2]&amp;quot;}
  (Session info: headless chrome=103.0.5060.114)
For documentation on this error, please visit: https://www.seleniumhq.org/exceptions/no_such_element.html
Build info: version: &amp;apos;3.141.59&amp;apos;, revision: &amp;apos;e82be7d358&amp;apos;, time: &amp;apos;2018-11-14T08:17:03&amp;apos;
System info: host: &amp;apos;IN-3LSM2J3&amp;apos;, ip: &amp;apos;192.168.43.114&amp;apos;, os.name: &amp;apos;Windows 10&amp;apos;, os.arch: &amp;apos;amd64&amp;apos;, os.version: &amp;apos;10.0&amp;apos;, java.version: &amp;apos;11.0.5&amp;apos;
Driver info: org.openqa.selenium.chrome.ChromeDriver
Capabilities {acceptInsecureCerts: false, browserName: chrome, browserVersion: 103.0.5060.114, chrome: {chromedriverVersion: 102.0.5005.61 (0e59bcc00cc4..., userDataDir: C:\Users\PREETI~1\AppData\L...}, goog:chromeOptions: {debuggerAddress: localhost:58223}, javascriptEnabled: true, networkConnectionEnabled: false, pageLoadStrategy: normal, platform: WINDOWS, platformName: WINDOWS, proxy: Proxy(), setWindowRect: true, strictFileInteractability: false, timeouts: {implicit: 0, pageLoad: 300000, script: 30000}, unhandledPromptBehavior: dismiss and notify, webauthn:extension:credBlob: true, webauthn:extension:largeBlob: true, webauthn:virtualAuthenticators: true}
Session ID: 8eef18de8141e2102604503fd33f2dd5
*** Element info: {Using=xpath, value=//*[@id=&amp;quot;container&amp;quot;]/div/div[2]/div/div/div[1]/div[1]/div[6]/div/div[2]/div[2]/div[2]}">
      <![CDATA[org.openqa.selenium.NoSuchElementException: no such element: Unable to locate element: {"method":"xpath","selector":"//*[@id="container"]/div/div[2]/div/div/div[1]/div[1]/div[6]/div/div[2]/div[2]/div[2]"}
  (Session info: headless chrome=103.0.5060.114)
For documentation on this error, please visit: https://www.seleniumhq.org/exceptions/no_such_element.html
Build info: version: '3.141.59', revision: 'e82be7d358', time: '2018-11-14T08:17:03'
System info: host: 'IN-3LSM2J3', ip: '192.168.43.114', os.name: 'Windows 10', os.arch: 'amd64', os.version: '10.0', java.version: '11.0.5'
Driver info: org.openqa.selenium.chrome.ChromeDriver
Capabilities {acceptInsecureCerts: false, browserName: chrome, browserVersion: 103.0.5060.114, chrome: {chromedriverVersion: 102.0.5005.61 (0e59bcc00cc4..., userDataDir: C:\Users\PREETI~1\AppData\L...}, goog:chromeOptions: {debuggerAddress: localhost:58223}, javascriptEnabled: true, networkConnectionEnabled: false, pageLoadStrategy: normal, platform: WINDOWS, platformName: WINDOWS, proxy: Proxy(), setWindowRect: true, strictFileInteractability: false, timeouts: {implicit: 0, pageLoad: 300000, script: 30000}, unhandledPromptBehavior: dismiss and notify, webauthn:extension:credBlob: true, webauthn:extension:largeBlob: true, webauthn:virtualAuthenticators: true}
Session ID: 8eef18de8141e2102604503fd33f2dd5
*** Element info: {Using=xpath, value=//*[@id="container"]/div/div[2]/div/div/div[1]/div[1]/div[6]/div/div[2]/div[2]/div[2]}
at org.openqa.selenium.remote.http.W3CHttpResponseCodec.createException(W3CHttpResponseCodec.java:187)
at org.openqa.selenium.remote.http.W3CHttpResponseCodec.decode(W3CHttpResponseCodec.java:122)
at org.openqa.selenium.remote.http.W3CHttpResponseCodec.decode(W3CHttpResponseCodec.java:49)
at org.openqa.selenium.remote.HttpCommandExecutor.execute(HttpCommandExecutor.java:158)
at org.openqa.selenium.remote.service.DriverCommandExecutor.execute(DriverCommandExecutor.java:83)
at org.openqa.selenium.remote.RemoteWebDriver.execute(RemoteWebDriver.java:552)
at org.openqa.selenium.remote.RemoteWebDriver.findElement(RemoteWebDriver.java:323)
at org.openqa.selenium.remote.RemoteWebDriver.findElementByXPath(RemoteWebDriver.java:428)
at org.openqa.selenium.By$ByXPath.findElement(By.java:353)
at org.openqa.selenium.remote.RemoteWebDriver.findElement(RemoteWebDriver.java:315)
at org.openqa.selenium.support.pagefactory.DefaultElementLocator.findElement(DefaultElementLocator.java:69)
at org.openqa.selenium.support.pagefactory.internal.LocatingElementHandler.invoke(LocatingElementHandler.java:38)
at com.sun.proxy.$Proxy31.getWrappedElement(Unknown Source)
at org.openqa.selenium.remote.internal.WebElementToJsonConverter.apply(WebElementToJsonConverter.java:50)
at java.base/java.util.stream.ReferencePipeline$3$1.accept(ReferencePipeline.java:195)
at java.base/java.util.Spliterators$ArraySpliterator.forEachRemaining(Spliterators.java:948)
at java.base/java.util.stream.AbstractPipeline.copyInto(AbstractPipeline.java:484)
at java.base/java.util.stream.AbstractPipeline.wrapAndCopyInto(AbstractPipeline.java:474)
at java.base/java.util.stream.ReduceOps$ReduceOp.evaluateSequential(ReduceOps.java:913)
at java.base/java.util.stream.AbstractPipeline.evaluate(AbstractPipeline.java:234)
at java.base/java.util.stream.ReferencePipeline.collect(ReferencePipeline.java:578)
at org.openqa.selenium.remote.RemoteWebDriver.executeScript(RemoteWebDriver.java:484)
at com.ExitTest.Pages.RemoveItemFromCartPage.clickOnRemoveOption(RemoveItemFromCartPage.java:47)
at com.ExitTest.Tests.RemoveItemFromCartTest.ItemNotExist(RemoveItemFromCartTest.java:33)
at java.base/java.util.ArrayList.forEach(ArrayList.java:1540)
... Removed 31 stack frames]]>
    </failure>
  </testcase> <!-- ItemNotExist -->
  <testcase classname="com.ExitTest.Tests.HomeFurnitureTest" name="HomeFurniture" time="1.569"/>
  <testcase classname="com.ExitTest.Tests.FlipKartFunctionButtonsTest" name="AboutUs" time="7.138"/>
  <testcase classname="com.ExitTest.Tests.FlipKartFunctionButtonsTest" name="ContactUs" time="6.137"/>
  <testcase classname="com.ExitTest.Tests.FlipKartFunctionButtonsTest" name="CancellationAndRefund" time="11.529"/>
  <testcase classname="com.ExitTest.Tests.FlipKartFunctionButtonsTest" name="SocialMedia" time="5.332"/>
  <testcase classname="com.ExitTest.Tests.FlipKartFunctionButtonsTest" name="policy" time="5.97"/>
  <testcase classname="com.ExitTest.Tests.ApplyFilterTest" name="ApplyFilter" time="2.866"/>
  <testcase classname="com.ExitTest.Tests.ElectronicsItemTest" name="ElectronicsItem" time="2.376"/>
  <testcase classname="com.ExitTest.Tests.TopOffersTest" name="TopOffers" time="2.139"/>
  <testcase classname="com.ExitTest.Tests.BeautyandToysTest" name="BeautyandToys" time="4.654"/>
  <testcase classname="com.ExitTest.Tests.SearchTest" name="search" time="3.889">
    <failure type="java.lang.AssertionError" message="The following asserts failed:
	expected [Iphone12- Buy Products Online at Best Price in India - All Categories | Flipkart.com] but found [Yes- Buy Products Online at Best Price in India - All Categories | Flipkart.com]">
      <![CDATA[java.lang.AssertionError: The following asserts failed:
expected [Iphone12- Buy Products Online at Best Price in India - All Categories | Flipkart.com] but found [Yes- Buy Products Online at Best Price in India - All Categories | Flipkart.com]
at com.ExitTest.Tests.SearchTest.search(SearchTest.java:32)
at java.base/java.util.ArrayList.forEach(ArrayList.java:1540)
... Removed 29 stack frames]]>
    </failure>
  </testcase> <!-- search -->
  <testcase classname="com.ExitTest.Tests.SearchTest" name="invalidSearch" time="2.051"/>
  <testcase classname="com.ExitTest.Tests.BecomeASellerTest" name="BecomeASeller" time="11.126"/>
  <testcase classname="com.ExitTest.BaseClass.BaseTest" name="@AfterSuite endReport" time="0.0">
    <ignored/>
  </testcase> <!-- @AfterSuite endReport -->
  <testcase classname="com.ExitTest.BaseClass.BaseTest" name="@AfterSuite endReport" time="0.0">
    <ignored/>
  </testcase> <!-- @AfterSuite endReport -->
  <testcase classname="com.ExitTest.BaseClass.BaseTest" name="@AfterSuite endReport" time="0.0">
    <ignored/>
  </testcase> <!-- @AfterSuite endReport -->
  <testcase classname="com.ExitTest.BaseClass.BaseTest" name="@AfterSuite endReport" time="0.0">
    <ignored/>
  </testcase> <!-- @AfterSuite endReport -->
  <testcase classname="com.ExitTest.BaseClass.BaseTest" name="@AfterSuite endReport" time="0.0">
    <ignored/>
  </testcase> <!-- @AfterSuite endReport -->
  <testcase classname="com.ExitTest.BaseClass.BaseTest" name="@AfterSuite endReport" time="0.0">
    <ignored/>
  </testcase> <!-- @AfterSuite endReport -->
  <testcase classname="com.ExitTest.BaseClass.BaseTest" name="@AfterSuite endReport" time="0.0">
    <ignored/>
  </testcase> <!-- @AfterSuite endReport -->
  <testcase classname="com.ExitTest.BaseClass.BaseTest" name="@AfterSuite endReport" time="0.0">
    <ignored/>
  </testcase> <!-- @AfterSuite endReport -->
  <testcase classname="com.ExitTest.BaseClass.BaseTest" name="@AfterSuite endReport" time="0.0">
    <ignored/>
  </testcase> <!-- @AfterSuite endReport -->
  <testcase classname="com.ExitTest.BaseClass.BaseTest" name="@AfterSuite endReport" time="0.0">
    <ignored/>
  </testcase> <!-- @AfterSuite endReport -->
  <testcase classname="com.ExitTest.BaseClass.BaseTest" name="@BeforeSuite setExtent" time="0.0">
    <ignored/>
  </testcase> <!-- @BeforeSuite setExtent -->
  <testcase classname="com.ExitTest.BaseClass.BaseTest" name="@BeforeSuite setExtent" time="0.0">
    <ignored/>
  </testcase> <!-- @BeforeSuite setExtent -->
  <testcase classname="com.ExitTest.BaseClass.BaseTest" name="@BeforeSuite setExtent" time="0.0">
    <ignored/>
  </testcase> <!-- @BeforeSuite setExtent -->
  <testcase classname="com.ExitTest.BaseClass.BaseTest" name="@BeforeSuite setExtent" time="0.0">
    <ignored/>
  </testcase> <!-- @BeforeSuite setExtent -->
  <testcase classname="com.ExitTest.BaseClass.BaseTest" name="@BeforeSuite setExtent" time="0.0">
    <ignored/>
  </testcase> <!-- @BeforeSuite setExtent -->
  <testcase classname="com.ExitTest.BaseClass.BaseTest" name="@BeforeSuite setExtent" time="0.0">
    <ignored/>
  </testcase> <!-- @BeforeSuite setExtent -->
  <testcase classname="com.ExitTest.BaseClass.BaseTest" name="@BeforeSuite setExtent" time="0.0">
    <ignored/>
  </testcase> <!-- @BeforeSuite setExtent -->
  <testcase classname="com.ExitTest.BaseClass.BaseTest" name="@BeforeSuite setExtent" time="0.0">
    <ignored/>
  </testcase> <!-- @BeforeSuite setExtent -->
  <testcase classname="com.ExitTest.BaseClass.BaseTest" name="@BeforeSuite setExtent" time="0.0">
    <ignored/>
  </testcase> <!-- @BeforeSuite setExtent -->
  <testcase classname="com.ExitTest.BaseClass.BaseTest" name="@BeforeSuite setExtent" time="0.0">
    <ignored/>
  </testcase> <!-- @BeforeSuite setExtent -->
  <testcase classname="com.ExitTest.Tests.AddToCartTest" name="addToCart" time="0.0">
    <ignored/>
  </testcase> <!-- addToCart -->
</testsuite> <!-- Test -->
