<?xml version="1.0" encoding="UTF-8"?>
<!-- Generated by org.testng.reporters.JUnitXMLReporter -->
<testsuite ignored="4" hostname="IN-3LSM2J3" failures="0" tests="1" name="Default test" time="0.044" errors="0" timestamp="2022-07-14T12:35:39 IST">
  <testcase classname="com.ExitTest.BaseClass.BaseTest" name="@BeforeMethod intializerDriver" time="-1.657782339822E9">
    <failure type="org.testng.TestNGException" message="
Parameter &amp;apos;browser&amp;apos; is required by BeforeMethod on method intializerDriver but has not been marked @Optional or defined
in C:\Users\preetitrivedi\AppData\Local\Temp\testng-eclipse--148999350\testng-customsuite.xml">
      <![CDATA[org.testng.TestNGException: 
Parameter 'browser' is required by BeforeMethod on method intializerDriver but has not been marked @Optional or defined
in C:\Users\preetitrivedi\AppData\Local\Temp\testng-eclipse--148999350\testng-customsuite.xml
at org.testng.internal.Parameters.createParams(Parameters.java:270)
at org.testng.internal.Parameters.createParametersForMethod(Parameters.java:358)
at org.testng.internal.Parameters.createParameters(Parameters.java:700)
at org.testng.internal.Parameters.createConfigurationParameters(Parameters.java:168)
at org.testng.internal.ConfigInvoker.invokeConfigurations(ConfigInvoker.java:302)
at org.testng.internal.TestInvoker.runConfigMethods(TestInvoker.java:700)
at org.testng.internal.TestInvoker.invokeMethod(TestInvoker.java:527)
at org.testng.internal.TestInvoker.invokeTestMethod(TestInvoker.java:173)
at org.testng.internal.MethodRunner.runInSequence(MethodRunner.java:46)
at org.testng.internal.TestInvoker$MethodInvocationAgent.invoke(TestInvoker.java:824)
at org.testng.internal.TestInvoker.invokeTestMethods(TestInvoker.java:146)
at org.testng.internal.TestMethodWorker.invokeTestMethods(TestMethodWorker.java:146)
at org.testng.internal.TestMethodWorker.run(TestMethodWorker.java:128)
at java.base/java.util.ArrayList.forEach(ArrayList.java:1540)
at org.testng.TestRunner.privateRun(TestRunner.java:794)
at org.testng.TestRunner.run(TestRunner.java:596)
at org.testng.SuiteRunner.runTest(SuiteRunner.java:377)
at org.testng.SuiteRunner.runSequentially(SuiteRunner.java:371)
at org.testng.SuiteRunner.privateRun(SuiteRunner.java:332)
at org.testng.SuiteRunner.run(SuiteRunner.java:276)
at org.testng.SuiteRunnerWorker.runSuite(SuiteRunnerWorker.java:53)
at org.testng.SuiteRunnerWorker.run(SuiteRunnerWorker.java:96)
at org.testng.TestNG.runSuitesSequentially(TestNG.java:1212)
at org.testng.TestNG.runSuitesLocally(TestNG.java:1134)
at org.testng.TestNG.runSuites(TestNG.java:1063)
at org.testng.TestNG.run(TestNG.java:1031)
at org.testng.remote.AbstractRemoteTestNG.run(AbstractRemoteTestNG.java:115)
at org.testng.remote.RemoteTestNG.initAndRun(RemoteTestNG.java:251)
at org.testng.remote.RemoteTestNG.main(RemoteTestNG.java:77)
]]>
    </failure>
  </testcase> <!-- @BeforeMethod intializerDriver -->
  <testcase classname="com.ExitTest.BaseClass.BaseTest" name="@BeforeMethod openUrl" time="-1.657782339829E9">
    <skipped/>
  </testcase> <!-- @BeforeMethod openUrl -->
  <testcase classname="com.ExitTest.BaseClass.BaseTest" name="@BeforeMethod startTest" time="-1.657782339831E9">
    <skipped/>
  </testcase> <!-- @BeforeMethod startTest -->
  <testcase classname="com.ExitTest.BaseClass.BaseTest" name="@BeforeMethod windowMaximize" time="-1.657782339835E9">
    <skipped/>
  </testcase> <!-- @BeforeMethod windowMaximize -->
  <testcase classname="com.ExitTest.BaseClass.BaseTest" name="@AfterMethod endTest" time="-1.65778233984E9">
    <skipped/>
  </testcase> <!-- @AfterMethod endTest -->
  <testcase classname="com.ExitTest.BaseClass.BaseTest" name="@AfterMethod resultTest" time="-1.657782339842E9">
    <skipped/>
  </testcase> <!-- @AfterMethod resultTest -->
  <testcase classname="com.ExitTest.BaseClass.BaseTest" name="@AfterMethod testclose" time="-1.657782339843E9">
    <skipped/>
  </testcase> <!-- @AfterMethod testclose -->
  <testcase classname="com.ExitTest.Tests.LoginTest" name="validLogin" time="0.0">
    <skipped/>
  </testcase> <!-- validLogin -->
  <testcase classname="com.ExitTest.Tests.LoginTest" name="blankEmail" time="0.0">
    <ignored/>
  </testcase> <!-- blankEmail -->
  <testcase classname="com.ExitTest.Tests.LoginTest" name="invalidPassword" time="0.0">
    <ignored/>
  </testcase> <!-- invalidPassword -->
  <testcase classname="com.ExitTest.Tests.LoginTest" name="invalidEmail" time="0.0">
    <ignored/>
  </testcase> <!-- invalidEmail -->
  <testcase classname="com.ExitTest.Tests.LoginTest" name="blankPassword" time="0.0">
    <ignored/>
  </testcase> <!-- blankPassword -->
</testsuite> <!-- Default test -->
